<?xml version="1.0" encoding="utf-8"?><testsuites><testsuite errors="0" failures="0" hostname="navdeepkr-Latitude-E5440" name="pytest" skipped="0" tests="20" time="0.053" timestamp="2020-10-30T15:14:33.989525"><testcase classname="tests.test_div" name="test_case1" time="0.000" /><testcase classname="tests.test_div" name="test_case2" time="0.000" /><testcase classname="tests.test_div" name="test_case3" time="0.000" /><testcase classname="tests.test_div" name="test_case4" time="0.000" /><testcase classname="tests.test_div" name="test_case5" time="0.000" /><testcase classname="tests.test_multi" name="test_case1" time="0.000" /><testcase classname="tests.test_multi" name="test_case2" time="0.000" /><testcase classname="tests.test_multi" name="test_case3" time="0.000" /><testcase classname="tests.test_multi" name="test_case4" time="0.000" /><testcase classname="tests.test_multi" name="test_case5" time="0.000" /><testcase classname="tests.test_sub" name="test_case1" time="0.000" /><testcase classname="tests.test_sub" name="test_case2" time="0.000" /><testcase classname="tests.test_sub" name="test_case3" time="0.000" /><testcase classname="tests.test_sub" name="test_case4" time="0.000" /><testcase classname="tests.test_sub" name="test_case5" time="0.000" /><testcase classname="tests.test_sum" name="test_case1" time="0.000" /><testcase classname="tests.test_sum" name="test_case2" time="0.000" /><testcase classname="tests.test_sum" name="test_case3" time="0.000" /><testcase classname="tests.test_sum" name="test_case4" time="0.000" /><testcase classname="tests.test_sum" name="test_case5" time="0.001" /></testsuite></testsuites>